[I 16:24:43.556 NotebookApp] Serving notebooks from local directory: /Users/Antosny/Workspace/toynn
[I 16:24:43.557 NotebookApp] 0 active kernels 
[I 16:24:43.557 NotebookApp] The Jupyter Notebook is running at: http://localhost:8888/
[I 16:24:43.557 NotebookApp] Use Control-C to stop this server and shut down all kernels (twice to skip confirmation).
[W 16:24:46.023 NotebookApp] 404 GET /api/kernels/2b83fb34-faad-4bbd-8096-a8364271f3d6/channels?session_id=41189F524AFF476580DC51F79C1A1E88 (::1): Kernel does not exist: 2b83fb34-faad-4bbd-8096-a8364271f3d6
[W 16:24:46.032 NotebookApp] 404 GET /api/kernels/2b83fb34-faad-4bbd-8096-a8364271f3d6/channels?session_id=41189F524AFF476580DC51F79C1A1E88 (::1) 19.93ms referer=None
[W 16:24:54.044 NotebookApp] Replacing stale connection: 2b83fb34-faad-4bbd-8096-a8364271f3d6:41189F524AFF476580DC51F79C1A1E88
[W 16:24:58.980 NotebookApp] Notebook cnn.ipynb is not trusted
[I 16:24:59.618 NotebookApp] Kernel started: 6aebd56d-36b2-4202-b788-fc6d6404870c
[W 16:24:59.630 NotebookApp] 404 GET /nbextensions/widgets/notebook/js/extension.js?v=20170725162443 (::1) 4.73ms referer=http://localhost:8888/notebooks/cnn.ipynb
[I 16:26:59.551 NotebookApp] Saving file at /cnn.ipynb
[I 16:28:59.545 NotebookApp] Saving file at /cnn.ipynb
[I 16:30:59.544 NotebookApp] Saving file at /cnn.ipynb
[I 16:32:59.546 NotebookApp] Saving file at /cnn.ipynb
[I 16:35:00.038 NotebookApp] Saving file at /cnn.ipynb
[I 16:48:59.864 NotebookApp] Saving file at /cnn.ipynb
[I 16:50:59.517 NotebookApp] Saving file at /cnn.ipynb
[I 16:56:59.508 NotebookApp] Saving file at /cnn.ipynb
[I 16:58:59.508 NotebookApp] Saving file at /cnn.ipynb
[I 17:00:59.506 NotebookApp] Saving file at /cnn.ipynb
[I 17:02:59.504 NotebookApp] Saving file at /cnn.ipynb
[W 17:50:10.700 NotebookApp] 404 GET /nbextensions/widgets/notebook/js/extension.js?v=20170725162443 (::1) 2.57ms referer=http://localhost:8888/notebooks/cnn.ipynb
[I 18:38:10.872 NotebookApp] Saving file at /cnn.ipynb
[I 18:40:10.868 NotebookApp] Saving file at /cnn.ipynb
[I 18:42:10.866 NotebookApp] Saving file at /cnn.ipynb
[I 18:50:10.858 NotebookApp] Saving file at /cnn.ipynb
[I 19:34:10.795 NotebookApp] Saving file at /cnn.ipynb
[I 19:36:10.793 NotebookApp] Saving file at /cnn.ipynb
[I 19:38:10.796 NotebookApp] Saving file at /cnn.ipynb
[I 19:40:10.787 NotebookApp] Saving file at /cnn.ipynb
[I 20:18:10.734 NotebookApp] Saving file at /cnn.ipynb
[I 20:20:10.745 NotebookApp] Saving file at /cnn.ipynb
[I 20:22:10.727 NotebookApp] Saving file at /cnn.ipynb
[I 20:24:10.727 NotebookApp] Saving file at /cnn.ipynb
[I 20:26:10.721 NotebookApp] Saving file at /cnn.ipynb
[I 20:28:10.718 NotebookApp] Saving file at /cnn.ipynb
[I 20:32:10.710 NotebookApp] Saving file at /cnn.ipynb
[I 20:34:10.710 NotebookApp] Saving file at /cnn.ipynb
[I 20:36:10.706 NotebookApp] Saving file at /cnn.ipynb
[I 20:38:10.702 NotebookApp] Saving file at /cnn.ipynb
[I 20:40:10.778 NotebookApp] Saving file at /cnn.ipynb
[I 20:44:10.694 NotebookApp] Saving file at /cnn.ipynb
[I 20:46:11.413 NotebookApp] Saving file at /cnn.ipynb
[I 20:48:10.687 NotebookApp] Saving file at /cnn.ipynb
[I 20:50:10.684 NotebookApp] Saving file at /cnn.ipynb
[I 20:52:10.682 NotebookApp] Saving file at /cnn.ipynb
[I 20:54:10.679 NotebookApp] Saving file at /cnn.ipynb
[I 20:54:18.110 NotebookApp] Saving file at /cnn.ipynb
[I 20:58:10.675 NotebookApp] Saving file at /cnn.ipynb
[I 20:58:33.195 NotebookApp] Saving file at /cnn.ipynb
[I 20:58:34.621 NotebookApp] Saving file at /cnn.ipynb
[I 20:58:34.866 NotebookApp] Saving file at /cnn.ipynb
[I 20:58:35.099 NotebookApp] Saving file at /cnn.ipynb
[I 20:58:35.299 NotebookApp] Saving file at /cnn.ipynb
[I 20:58:35.491 NotebookApp] Saving file at /cnn.ipynb
[I 20:58:35.671 NotebookApp] Saving file at /cnn.ipynb
[I 20:58:35.845 NotebookApp] Saving file at /cnn.ipynb
[I 20:58:35.996 NotebookApp] Saving file at /cnn.ipynb
[I 20:58:51.977 NotebookApp] Kernel restarted: 6aebd56d-36b2-4202-b788-fc6d6404870c
[I 20:59:01.155 NotebookApp] Saving file at /cnn.ipynb
[I 20:59:01.868 NotebookApp] Saving file at /cnn.ipynb
[I 21:16:10.649 NotebookApp] Saving file at /cnn.ipynb
[I 21:16:43.025 NotebookApp] Kernel interrupted: 6aebd56d-36b2-4202-b788-fc6d6404870c
[I 21:18:10.649 NotebookApp] Saving file at /cnn.ipynb
[I 21:18:39.640 NotebookApp] Kernel interrupted: 6aebd56d-36b2-4202-b788-fc6d6404870c
[I 21:20:10.644 NotebookApp] Saving file at /cnn.ipynb
[I 21:24:10.638 NotebookApp] Saving file at /cnn.ipynb
[I 21:24:39.261 NotebookApp] Kernel interrupted: 6aebd56d-36b2-4202-b788-fc6d6404870c
[I 21:24:48.013 NotebookApp] Kernel interrupted: 6aebd56d-36b2-4202-b788-fc6d6404870c
[I 21:25:29.468 NotebookApp] Kernel interrupted: 6aebd56d-36b2-4202-b788-fc6d6404870c
[I 21:25:45.011 NotebookApp] Kernel interrupted: 6aebd56d-36b2-4202-b788-fc6d6404870c
[I 21:26:10.636 NotebookApp] Saving file at /cnn.ipynb
[I 21:26:12.859 NotebookApp] Kernel interrupted: 6aebd56d-36b2-4202-b788-fc6d6404870c
[I 21:27:01.034 NotebookApp] Kernel interrupted: 6aebd56d-36b2-4202-b788-fc6d6404870c
[I 21:27:15.154 NotebookApp] Kernel interrupted: 6aebd56d-36b2-4202-b788-fc6d6404870c
[I 21:28:10.630 NotebookApp] Saving file at /cnn.ipynb
[I 21:29:27.373 NotebookApp] Kernel interrupted: 6aebd56d-36b2-4202-b788-fc6d6404870c
[I 21:29:38.606 NotebookApp] Kernel interrupted: 6aebd56d-36b2-4202-b788-fc6d6404870c
[I 21:29:51.998 NotebookApp] Kernel interrupted: 6aebd56d-36b2-4202-b788-fc6d6404870c
[I 21:30:10.630 NotebookApp] Saving file at /cnn.ipynb
[I 21:30:44.781 NotebookApp] Kernel interrupted: 6aebd56d-36b2-4202-b788-fc6d6404870c
[I 21:30:54.572 NotebookApp] Kernel interrupted: 6aebd56d-36b2-4202-b788-fc6d6404870c
[I 21:32:10.627 NotebookApp] Saving file at /cnn.ipynb
[I 21:34:10.625 NotebookApp] Saving file at /cnn.ipynb
[I 21:34:51.999 NotebookApp] Kernel interrupted: 6aebd56d-36b2-4202-b788-fc6d6404870c
[I 21:35:02.255 NotebookApp] Kernel interrupted: 6aebd56d-36b2-4202-b788-fc6d6404870c
[I 21:35:35.895 NotebookApp] Kernel interrupted: 6aebd56d-36b2-4202-b788-fc6d6404870c
[I 21:35:47.974 NotebookApp] Kernel interrupted: 6aebd56d-36b2-4202-b788-fc6d6404870c
[I 21:35:53.502 NotebookApp] Kernel interrupted: 6aebd56d-36b2-4202-b788-fc6d6404870c
[I 21:36:10.620 NotebookApp] Saving file at /cnn.ipynb
[I 21:37:08.773 NotebookApp] Kernel interrupted: 6aebd56d-36b2-4202-b788-fc6d6404870c
[I 21:37:20.631 NotebookApp] Saving file at /cnn.ipynb
[I 21:37:31.163 NotebookApp] Kernel interrupted: 6aebd56d-36b2-4202-b788-fc6d6404870c
[I 21:37:35.614 NotebookApp] Saving file at /cnn.ipynb
[I 21:37:37.411 NotebookApp] Saving file at /cnn.ipynb
[I 21:37:45.003 NotebookApp] Kernel interrupted: 6aebd56d-36b2-4202-b788-fc6d6404870c
[I 21:37:47.845 NotebookApp] Saving file at /cnn.ipynb
[I 21:38:08.834 NotebookApp] Kernel interrupted: 6aebd56d-36b2-4202-b788-fc6d6404870c
[I 21:38:10.626 NotebookApp] Saving file at /cnn.ipynb
[I 21:38:12.060 NotebookApp] Saving file at /cnn.ipynb
[I 21:38:23.130 NotebookApp] Kernel interrupted: 6aebd56d-36b2-4202-b788-fc6d6404870c
[I 21:38:26.594 NotebookApp] Saving file at /cnn.ipynb
[I 21:39:23.176 NotebookApp] Kernel interrupted: 6aebd56d-36b2-4202-b788-fc6d6404870c
[I 21:39:43.797 NotebookApp] Saving file at /cnn.ipynb
[I 21:39:54.759 NotebookApp] Kernel interrupted: 6aebd56d-36b2-4202-b788-fc6d6404870c
[I 21:40:10.613 NotebookApp] Saving file at /cnn.ipynb
[I 21:40:19.101 NotebookApp] Kernel interrupted: 6aebd56d-36b2-4202-b788-fc6d6404870c
[I 21:40:41.630 NotebookApp] Kernel interrupted: 6aebd56d-36b2-4202-b788-fc6d6404870c
[I 21:40:47.286 NotebookApp] Kernel interrupted: 6aebd56d-36b2-4202-b788-fc6d6404870c
[I 21:41:08.376 NotebookApp] Kernel interrupted: 6aebd56d-36b2-4202-b788-fc6d6404870c
[I 21:41:11.393 NotebookApp] Saving file at /cnn.ipynb
[I 21:41:23.911 NotebookApp] Kernel interrupted: 6aebd56d-36b2-4202-b788-fc6d6404870c
[I 21:41:28.577 NotebookApp] Saving file at /cnn.ipynb
[I 21:41:39.262 NotebookApp] Saving file at /cnn.ipynb
[I 21:41:51.573 NotebookApp] Kernel interrupted: 6aebd56d-36b2-4202-b788-fc6d6404870c
[I 21:41:57.461 NotebookApp] Kernel interrupted: 6aebd56d-36b2-4202-b788-fc6d6404870c
[I 21:42:02.045 NotebookApp] Kernel interrupted: 6aebd56d-36b2-4202-b788-fc6d6404870c
[I 21:42:06.421 NotebookApp] Kernel interrupted: 6aebd56d-36b2-4202-b788-fc6d6404870c
[I 21:42:10.611 NotebookApp] Saving file at /cnn.ipynb
[I 21:42:12.122 NotebookApp] Saving file at /cnn.ipynb
[I 21:42:22.068 NotebookApp] Kernel interrupted: 6aebd56d-36b2-4202-b788-fc6d6404870c
[I 21:42:25.198 NotebookApp] Saving file at /cnn.ipynb
[I 21:42:31.691 NotebookApp] Kernel interrupted: 6aebd56d-36b2-4202-b788-fc6d6404870c
[I 21:42:33.861 NotebookApp] Saving file at /cnn.ipynb
[I 21:42:39.060 NotebookApp] Saving file at /cnn.ipynb
[I 21:42:46.276 NotebookApp] Kernel interrupted: 6aebd56d-36b2-4202-b788-fc6d6404870c
[I 21:42:52.910 NotebookApp] Saving file at /cnn.ipynb
[I 21:43:15.138 NotebookApp] Kernel interrupted: 6aebd56d-36b2-4202-b788-fc6d6404870c
[I 21:43:18.407 NotebookApp] Saving file at /cnn.ipynb
[I 21:43:31.475 NotebookApp] Kernel interrupted: 6aebd56d-36b2-4202-b788-fc6d6404870c
[I 21:43:35.413 NotebookApp] Saving file at /cnn.ipynb
[I 21:43:42.066 NotebookApp] Kernel interrupted: 6aebd56d-36b2-4202-b788-fc6d6404870c
[I 21:43:53.364 NotebookApp] Saving file at /cnn.ipynb
[I 21:43:59.044 NotebookApp] Kernel interrupted: 6aebd56d-36b2-4202-b788-fc6d6404870c
[I 21:44:00.100 NotebookApp] Saving file at /cnn.ipynb
[I 21:44:03.405 NotebookApp] Saving file at /cnn.ipynb
[I 21:44:10.608 NotebookApp] Saving file at /cnn.ipynb
[I 21:44:17.113 NotebookApp] Kernel interrupted: 6aebd56d-36b2-4202-b788-fc6d6404870c
[I 21:44:27.404 NotebookApp] Saving file at /cnn.ipynb
[I 21:44:29.360 NotebookApp] Saving file at /cnn.ipynb
[I 21:45:15.401 NotebookApp] Kernel interrupted: 6aebd56d-36b2-4202-b788-fc6d6404870c
